<?xml version="1.0" encoding="UTF-8"?>
<!-- Generated by org.testng.reporters.JUnitReportReporter -->
<testsuite skipped="0" hostname="Mala-Surface" name="com.leafBot.testcases.TC001_CreateLead" tests="1" failures="0" timestamp="16 Nov 2019 11:30:47 GMT" time="12.853" errors="0">
  <testcase name="runTC001" time="12.853" classname="com.leafBot.testcases.TC001_CreateLead"/>
</testsuite> <!-- com.leafBot.testcases.TC001_CreateLead -->
